<?xml version="1.0" encoding="UTF-8" standalone="yes"?>
<!DOCTYPE report PUBLIC "-//JACOCO//DTD Report 1.1//EN" "report.dtd">
<report name="test-coverage">
  <sessioninfo id="Jurajs-MacBook-Pro.local-b67315bd" start="1759223899515" dump="1759223899766"/>
  <package name="com/codescene">
    <class name="com/codescene/ConditionalExample" sourcefilename="ConditionalExample.java">
      <method name="&lt;init&gt;" desc="()V" line="3">
        <counter type="INSTRUCTION" missed="0" covered="3"/>
        <counter type="LINE" missed="0" covered="1"/>
        <counter type="COMPLEXITY" missed="0" covered="1"/>
        <counter type="METHOD" missed="0" covered="1"/>
      </method>
      <method name="checkNumber" desc="(I)V" line="6">
        <counter type="INSTRUCTION" missed="0" covered="23"/>
        <counter type="BRANCH" missed="0" covered="6"/>
        <counter type="LINE" missed="0" covered="8"/>
        <counter type="COMPLEXITY" missed="0" covered="4"/>
        <counter type="METHOD" missed="0" covered="1"/>
      </method>
      <method name="categorizeString" desc="(Ljava/lang/String;)Ljava/lang/String;" line="20">
        <counter type="INSTRUCTION" missed="0" covered="50"/>
        <counter type="BRANCH" missed="0" covered="4"/>
        <counter type="LINE" missed="0" covered="8"/>
        <counter type="COMPLEXITY" missed="0" covered="3"/>
        <counter type="METHOD" missed="0" covered="1"/>
      </method>
      <method name="countVowels" desc="(Ljava/lang/String;)I" line="38">
        <counter type="INSTRUCTION" missed="31" covered="0"/>
        <counter type="BRANCH" missed="8" covered="0"/>
        <counter type="LINE" missed="9" covered="0"/>
        <counter type="COMPLEXITY" missed="5" covered="0"/>
        <counter type="METHOD" missed="1" covered="0"/>
      </method>
      <counter type="INSTRUCTION" missed="31" covered="76"/>
      <counter type="BRANCH" missed="8" covered="10"/>
      <counter type="LINE" missed="9" covered="17"/>
      <counter type="COMPLEXITY" missed="5" covered="8"/>
      <counter type="METHOD" missed="1" covered="3"/>
      <counter type="CLASS" missed="0" covered="1"/>
    </class>
    <class name="com/codescene/Calculator" sourcefilename="Calculator.java">
      <method name="&lt;init&gt;" desc="()V" line="3">
        <counter type="INSTRUCTION" missed="0" covered="3"/>
        <counter type="LINE" missed="0" covered="1"/>
        <counter type="COMPLEXITY" missed="0" covered="1"/>
        <counter type="METHOD" missed="0" covered="1"/>
      </method>
      <method name="calculate" desc="(DDC)D" line="5">
        <counter type="INSTRUCTION" missed="12" covered="22"/>
        <counter type="BRANCH" missed="1" covered="4"/>
        <counter type="LINE" missed="1" covered="5"/>
        <counter type="COMPLEXITY" missed="1" covered="4"/>
        <counter type="METHOD" missed="0" covered="1"/>
      </method>
      <method name="divide" desc="(DD)D" line="24">
        <counter type="INSTRUCTION" missed="5" covered="8"/>
        <counter type="BRANCH" missed="1" covered="1"/>
        <counter type="LINE" missed="1" covered="2"/>
        <counter type="COMPLEXITY" missed="1" covered="1"/>
        <counter type="METHOD" missed="0" covered="1"/>
      </method>
      <method name="multiply" desc="(DD)D" line="30">
        <counter type="INSTRUCTION" missed="0" covered="4"/>
        <counter type="LINE" missed="0" covered="1"/>
        <counter type="COMPLEXITY" missed="0" covered="1"/>
        <counter type="METHOD" missed="0" covered="1"/>
      </method>
      <method name="subtract" desc="(DD)D" line="34">
        <counter type="INSTRUCTION" missed="0" covered="4"/>
        <counter type="LINE" missed="0" covered="1"/>
        <counter type="COMPLEXITY" missed="0" covered="1"/>
        <counter type="METHOD" missed="0" covered="1"/>
      </method>
      <method name="add" desc="(DD)D" line="38">
        <counter type="INSTRUCTION" missed="0" covered="4"/>
        <counter type="LINE" missed="0" covered="1"/>
        <counter type="COMPLEXITY" missed="0" covered="1"/>
        <counter type="METHOD" missed="0" covered="1"/>
      </method>
      <counter type="INSTRUCTION" missed="17" covered="45"/>
      <counter type="BRANCH" missed="2" covered="5"/>
      <counter type="LINE" missed="2" covered="11"/>
      <counter type="COMPLEXITY" missed="2" covered="9"/>
      <counter type="METHOD" missed="0" covered="6"/>
      <counter type="CLASS" missed="0" covered="1"/>
    </class>
    <sourcefile name="Calculator.java">
      <line nr="3" mi="0" ci="3" mb="0" cb="0"/>
      <line nr="5" mi="0" ci="2" mb="1" cb="4"/>
      <line nr="7" mi="0" ci="5" mb="0" cb="0"/>
      <line nr="10" mi="0" ci="5" mb="0" cb="0"/>
      <line nr="13" mi="0" ci="5" mb="0" cb="0"/>
      <line nr="16" mi="0" ci="5" mb="0" cb="0"/>
      <line nr="19" mi="12" ci="0" mb="0" cb="0"/>
      <line nr="24" mi="0" ci="4" mb="1" cb="1"/>
      <line nr="25" mi="5" ci="0" mb="0" cb="0"/>
      <line nr="26" mi="0" ci="4" mb="0" cb="0"/>
      <line nr="30" mi="0" ci="4" mb="0" cb="0"/>
      <line nr="34" mi="0" ci="4" mb="0" cb="0"/>
      <line nr="38" mi="0" ci="4" mb="0" cb="0"/>
      <counter type="INSTRUCTION" missed="17" covered="45"/>
      <counter type="BRANCH" missed="2" covered="5"/>
      <counter type="LINE" missed="2" covered="11"/>
      <counter type="COMPLEXITY" missed="2" covered="9"/>
      <counter type="METHOD" missed="0" covered="6"/>
      <counter type="CLASS" missed="0" covered="1"/>
    </sourcefile>
    <sourcefile name="ConditionalExample.java">
      <line nr="3" mi="0" ci="3" mb="0" cb="0"/>
      <line nr="6" mi="0" ci="2" mb="0" cb="2"/>
      <line nr="7" mi="0" ci="4" mb="0" cb="0"/>
      <line nr="8" mi="0" ci="2" mb="0" cb="2"/>
      <line nr="9" mi="0" ci="3" mb="0" cb="0"/>
      <line nr="12" mi="0" ci="4" mb="0" cb="2"/>
      <line nr="13" mi="0" ci="4" mb="0" cb="0"/>
      <line nr="15" mi="0" ci="3" mb="0" cb="0"/>
      <line nr="17" mi="0" ci="1" mb="0" cb="0"/>
      <line nr="20" mi="0" ci="2" mb="0" cb="0"/>
      <line nr="22" mi="0" ci="4" mb="0" cb="2"/>
      <line nr="23" mi="0" ci="10" mb="0" cb="0"/>
      <line nr="25" mi="0" ci="9" mb="0" cb="0"/>
      <line nr="28" mi="0" ci="4" mb="0" cb="2"/>
      <line nr="29" mi="0" ci="10" mb="0" cb="0"/>
      <line nr="31" mi="0" ci="9" mb="0" cb="0"/>
      <line nr="34" mi="0" ci="2" mb="0" cb="0"/>
      <line nr="38" mi="5" ci="0" mb="4" cb="0"/>
      <line nr="39" mi="2" ci="0" mb="0" cb="0"/>
      <line nr="42" mi="2" ci="0" mb="0" cb="0"/>
      <line nr="43" mi="2" ci="0" mb="0" cb="0"/>
      <line nr="45" mi="8" ci="0" mb="2" cb="0"/>
      <line nr="46" mi="4" ci="0" mb="0" cb="0"/>
      <line nr="47" mi="5" ci="0" mb="2" cb="0"/>
      <line nr="48" mi="1" ci="0" mb="0" cb="0"/>
      <line nr="51" mi="2" ci="0" mb="0" cb="0"/>
      <counter type="INSTRUCTION" missed="31" covered="76"/>
      <counter type="BRANCH" missed="8" covered="10"/>
      <counter type="LINE" missed="9" covered="17"/>
      <counter type="COMPLEXITY" missed="5" covered="8"/>
      <counter type="METHOD" missed="1" covered="3"/>
      <counter type="CLASS" missed="0" covered="1"/>
    </sourcefile>
    <counter type="INSTRUCTION" missed="48" covered="121"/>
    <counter type="BRANCH" missed="10" covered="15"/>
    <counter type="LINE" missed="11" covered="28"/>
    <counter type="COMPLEXITY" missed="7" covered="17"/>
    <counter type="METHOD" missed="1" covered="9"/>
    <counter type="CLASS" missed="0" covered="2"/>
  </package>
  <counter type="INSTRUCTION" missed="48" covered="121"/>
  <counter type="BRANCH" missed="10" covered="15"/>
  <counter type="LINE" missed="11" covered="28"/>
  <counter type="COMPLEXITY" missed="7" covered="17"/>
  <counter type="METHOD" missed="1" covered="9"/>
  <counter type="CLASS" missed="0" covered="2"/>
</report>
